<?xml version="1.0" encoding="UTF-8"?>
<!-- Generated by org.testng.reporters.JUnitReportReporter -->
<testsuite skipped="0" hostname="Rifat-Laptop-1" name="test.TestClass" tests="1" failures="0" timestamp="2020-07-28T17:02:18 EDT" time="7.842" errors="0">
  <testcase name="testing" time="7.842" classname="test.TestClass"/>
  <system-out/>
</testsuite> <!-- test.TestClass -->
